c:\users\usuario\dropbox\roadef_euro\roadef2018code\windows\debug\vc141.pdb
c:\users\usuario\dropbox\roadef_euro\roadef2018code\windows\debug\main.obj
c:\users\usuario\dropbox\roadef_euro\roadef2018code\windows\debug\glassstack.obj
c:\users\usuario\dropbox\roadef_euro\roadef2018code\windows\debug\glassrsol.obj
c:\users\usuario\dropbox\roadef_euro\roadef2018code\windows\debug\glassrectangle.obj
c:\users\usuario\dropbox\roadef_euro\roadef2018code\windows\debug\glassplate.obj
c:\users\usuario\dropbox\roadef_euro\roadef2018code\windows\debug\glassoriginals.obj
c:\users\usuario\dropbox\roadef_euro\roadef2018code\windows\debug\glassnodeb.obj
c:\users\usuario\dropbox\roadef_euro\roadef2018code\windows\debug\glassnode.obj
c:\users\usuario\dropbox\roadef_euro\roadef2018code\windows\debug\glassitem.obj
c:\users\usuario\dropbox\roadef_euro\roadef2018code\windows\debug\glassdefect.obj
c:\users\usuario\dropbox\roadef_euro\roadef2018code\windows\debug\glasscorte.obj
c:\users\usuario\dropbox\roadef_euro\roadef2018code\windows\debug\glass.obj
c:\users\usuario\dropbox\roadef_euro\roadef2018code\windows\debug\dibujaropenglass.obj
c:\users\usuario\dropbox\roadef_euro\roadef2018code\windows\debug\definitions.obj
c:\users\usuario\dropbox\roadef_euro\roadef2018code\windows\debug\roadef2018.exe
c:\users\usuario\dropbox\roadef_euro\roadef2018code\windows\debug\roadef2018.pdb
c:\users\usuario\dropbox\roadef_euro\roadef2018code\windows\debug\roadef2018.res
c:\users\usuario\dropbox\roadef_euro\roadef2018code\windows\debug\roadef2018.tlog\cl.command.1.tlog
c:\users\usuario\dropbox\roadef_euro\roadef2018code\windows\debug\roadef2018.tlog\cl.read.1.tlog
c:\users\usuario\dropbox\roadef_euro\roadef2018code\windows\debug\roadef2018.tlog\cl.write.1.tlog
c:\users\usuario\dropbox\roadef_euro\roadef2018code\windows\debug\roadef2018.tlog\link.command.1.tlog
c:\users\usuario\dropbox\roadef_euro\roadef2018code\windows\debug\roadef2018.tlog\link.read.1.tlog
c:\users\usuario\dropbox\roadef_euro\roadef2018code\windows\debug\roadef2018.tlog\link.write.1.tlog
c:\users\usuario\dropbox\roadef_euro\roadef2018code\windows\debug\roadef2018.tlog\rc.command.1.tlog
c:\users\usuario\dropbox\roadef_euro\roadef2018code\windows\debug\roadef2018.tlog\rc.read.1.tlog
c:\users\usuario\dropbox\roadef_euro\roadef2018code\windows\debug\roadef2018.tlog\rc.write.1.tlog
